<?xml version="1.0" encoding="UTF-8"?>
<!-- Generated by org.testng.reporters.JUnitReportReporter -->
<testsuite hostname="win2019" failures="0" tests="3" name="com.parallelTest.ParallelTestNG" time="15.801" errors="0" timestamp="2024-08-25T21:52:36 PDT" skipped="0">
  <testcase classname="com.parallelTest.ParallelTestNG" name="LaunchChromeBrowser" time="3.883"/>
  <system-out/>
  <testcase classname="com.parallelTest.ParallelTestNG" name="LaunchChromeBrowser" time="5.771"/>
  <system-out/>
  <testcase classname="com.parallelTest.ParallelTestNG" name="LaunchChromeBrowser" time="6.147"/>
  <system-out/>
</testsuite> <!-- com.parallelTest.ParallelTestNG -->
